#
# A fatal error has been detected by the Java Runtime Environment:
#
#  SIGSEGV (0xb) at pc=0x00007fff5531b6ac, pid=97523, tid=0x0000000000000307
#
# JRE version: Java(TM) SE Runtime Environment (8.0_191-b12) (build 1.8.0_191-b12)
# Java VM: Java HotSpot(TM) 64-Bit Server VM (25.191-b12 mixed mode bsd-amd64 compressed oops)
# Problematic frame:
# C  [CoreFoundation+0x236ac]  CFDataGetBytePtr+0x1c
#
# Failed to write core dump. Core dumps have been disabled. To enable core dumping, try "ulimit -c unlimited" before starting Java again
#
# If you would like to submit a bug report, please visit:
#   http://bugreport.java.com/bugreport/crash.jsp
# The crash happened outside the Java Virtual Machine in native code.
# See problematic frame for where to report the bug.
#

---------------  T H R E A D  ---------------

Current thread (0x00007fc33193f000):  JavaThread "JavaFX Application Thread" [_thread_in_native, id=775, stack(0x00007ffee892b000,0x00007ffee912b000)]

siginfo: si_signo: 11 (SIGSEGV), si_code: 1 (SEGV_MAPERR), si_addr: 0x0000000000000000

Registers:
RAX=0x0000000000005813, RBX=0x0000000000000000, RCX=0x0000800000008101, RDX=0x0000000000000307
RSP=0x00007ffee91237f0, RBP=0x00007ffee9123800, RSI=0x0000000000000307, RDI=0x0000000000000000
R8 =0x00007fc331540a90, R9 =0xffffffff00000000, R10=0x00007fc331540a88, R11=0x00007fc331540a90
R12=0x0000000000000000, R13=0x00007fc331670e00, R14=0x0000000000000000, R15=0x000000000003c393
RIP=0x00007fff5531b6ac, EFLAGS=0x0000000000010246, ERR=0x0000000000000004
  TRAPNO=0x000000000000000e

Top of Stack: (sp=0x00007ffee91237f0)
0x00007ffee91237f0:   0000000000005813 0000000000000000
0x00007ffee9123800:   00007ffee91238d0 00007fff77069554
0x00007ffee9123810:   0000000000000000 00007fc331672460
0x00007ffee9123820:   0000000000000000 00007fc333f5a6b0
0x00007ffee9123830:   00007fc300000000 0002005100000010
0x00007ffee9123840:   0000581300000005 00007fc3314cbd80
0x00007ffee9123850:   00007fff535a7e40 00007fc331672460
0x00007ffee9123860:   00007ffee91238c0 00007fff5746f5fd
0x00007ffee9123870:   00007fff57786947 0000000000000008
0x00007ffee9123880:   00007fff5778692a 00007ffee91238d0
0x00007ffee9123890:   0100000000000000 0000000000000000
0x00007ffee91238a0:   03f160217a0600d4 000000000003c393
0x00007ffee91238b0:   0000000000020051 00007fc3314cbd80
0x00007ffee91238c0:   0000000000000000 00007fc331672460
0x00007ffee91238d0:   00007ffee91238f0 00007fff7706976c
0x00007ffee91238e0:   0000000000000001 0000000000000000
0x00007ffee91238f0:   00007ffee9123a80 00007fff533ed84f
0x00007ffee9123900:   0000000000000005 00007fc331453ca0
0x00007ffee9123910:   0000000000001400 0000000106af4a00
0x00007ffee9123920:   0000000000000002 00007fc33150a8e0
0x00007ffee9123930:   00007fffb5b8fd88 0000000106af2080
0x00007ffee9123940:   0000000000000011 0000000106af5e00
0x00007ffee9123950:   0000000106af1000 00007ffee9123a08
0x00007ffee9123960:   0000000100000011 0000000000000210
0x00007ffee9123970:   00007fffb5b8f608 00007fffb5b8f480
0x00007ffee9123980:   00007ffee91239d8 00007ffee91239a0
0x00007ffee9123990:   00007ffee91239c0 00007fff7c5aa292
0x00007ffee91239a0:   00007fc3319d1eb0 0000000000000180
0x00007ffee91239b0:   00007fffb5b8f600 0003c393314cbd80
0x00007ffee91239c0:   000000000000383b 000200517c596c6a
0x00007ffee91239d0:   0000000000000008 ffff803cceb34280
0x00007ffee91239e0:   0000000000000002 0000000000000000 

Instructions: (pc=0x00007fff5531b6ac)
0x00007fff5531b68c:   5d c3 66 90 55 48 89 e5 53 50 48 89 fb 48 83 3d
0x00007fff5531b69c:   27 ff 26 5a ff 75 79 f6 c3 01 0f 85 8c 00 00 00
0x00007fff5531b6ac:   48 8b 03 48 85 c0 74 48 48 8d 0d 6d 16 27 5a 48
0x00007fff5531b6bc:   3b 01 74 3c 48 8b 0d 09 ff 26 5a 48 81 f9 ff 03 

Register to memory mapping:

RAX=0x0000000000005813 is an unknown value
RBX=0x0000000000000000 is an unknown value
RCX=0x0000800000008101 is an unknown value
RDX=0x0000000000000307 is an unknown value
RSP=0x00007ffee91237f0 is pointing into the stack for thread: 0x00007fc33193f000
RBP=0x00007ffee9123800 is pointing into the stack for thread: 0x00007fc33193f000
RSI=0x0000000000000307 is an unknown value
RDI=0x0000000000000000 is an unknown value
R8 =0x00007fc331540a90 is an unknown value
R9 =0xffffffff00000000 is an unknown value
R10=0x00007fc331540a88 is an unknown value
R11=0x00007fc331540a90 is an unknown value
R12=0x0000000000000000 is an unknown value
R13=0x00007fc331670e00 is an unknown value
R14=0x0000000000000000 is an unknown value
R15=0x000000000003c393 is an unknown value


Stack: [0x00007ffee892b000,0x00007ffee912b000],  sp=0x00007ffee91237f0,  free space=8161k
Native frames: (J=compiled Java code, j=interpreted, Vv=VM code, C=native code)
C  [CoreFoundation+0x236ac]  CFDataGetBytePtr+0x1c
C  [SkyLight+0x8a554]  shape_window_internal+0xe6
C  [SkyLight+0x8a76c]  SLSShapeWindowInWindowCoordinates+0x1e
C  [AppKit+0xb1684f]  __NSCGSWindowMark__block_invoke_2+0xba
C  [AppKit+0xb1711b]  _NSCGSWindowEnumerateForCommit+0x1d2
C  [AppKit+0x17515d]  __NSCGSWindowMark__block_invoke+0x125
C  [AppKit+0x174eed]  NSCGSTransactionRunPreCommitActionsForOrder_+0x118
C  [AppKit+0x174db8]  NSCGSTransactionRunPreCommitActions_+0x15
C  [AppKit+0xab4be7]  -[_NSCGSTransaction synchronize]+0x21
C  [AppKit+0xab4f61]  NSCGSTransactionSynchronize+0x4c
C  [AppKit+0x6754b8]  -[NSCGSWindow(NSCGSSpace) bestSpaceContainingWindow]+0x32
C  [AppKit+0x534e9]  -[NSWindow _bestScreenByGeometryOfFrame:respectingSpaceAssignment:]+0x285
C  [AppKit+0x5325d]  -[NSWindow _bestScreenBySpaceAssignmentOrGeometry]+0x47
C  [AppKit+0xebfb3]  -[NSWindow _updateSettingsSendingScreenChangeNotificationIfNeeded:]+0x28
C  [AppKit+0x103235]  -[NSWindow _setFrameCommon:display:stashSize:]+0xc3f
C  [AppKit+0x1025e9]  -[NSWindow _setFrame:display:allowImplicitAnimation:stashSize:]+0xde
C  [AppKit+0x102504]  -[NSWindow setFrame:display:]+0x43
C  [AppKit+0x200e40]  -[NSWindow setFrame:display:animate:]+0x93
C  [libglass.dylib+0x255ea]  -[GlassWindow(Java) _setFlipFrame:display:animate:]+0xca
C  [libglass.dylib+0x250fc]  -[GlassWindow(Java) _setWindowFrameWithRect:withDisplay:withAnimate:]+0x9c
C  [libglass.dylib+0x2533c]  -[GlassWindow(Java) _setBounds:y:xSet:ySet:w:h:cw:ch:]+0x22c
C  [libglass.dylib+0x29ffa]  Java_com_sun_glass_ui_mac_MacWindow__1setBounds+0x1ba
j  com.sun.glass.ui.mac.MacWindow._setBounds(JIIZZIIIIFF)V+0
j  com.sun.glass.ui.Window.setBounds(IIZZIIIIFF)V+29
j  com.sun.javafx.tk.quantum.WindowStage.setBounds(FFZZFFFFFF)V+462
j  javafx.stage.Window$TKBoundsConfigurator.apply()V+110
j  javafx.stage.Window.applyBounds()V+4
j  javafx.stage.Window.centerOnScreen()V+96
j  javafx.stage.Window$9.invalidated()V+341
j  javafx.beans.property.BooleanPropertyBase.markInvalid()V+13
j  javafx.beans.property.BooleanPropertyBase.set(Z)V+106
j  javafx.stage.Window.setShowing(Z)V+11
j  javafx.stage.Window.show()V+2
j  javafx.stage.Stage.show()V+1
j  nastya.NastyaApp.start(Ljavafx/stage/Stage;)V+42
j  com.sun.javafx.application.LauncherImpl.lambda$launchApplication1$161(Ljava/util/concurrent/atomic/AtomicBoolean;Ljavafx/application/Application;)V+20
j  com.sun.javafx.application.LauncherImpl$$Lambda$55.run()V+8
j  com.sun.javafx.application.PlatformImpl.lambda$runAndWait$174(Ljava/lang/Runnable;Ljava/util/concurrent/CountDownLatch;)V+1
j  com.sun.javafx.application.PlatformImpl$$Lambda$49.run()V+8
j  com.sun.javafx.application.PlatformImpl.lambda$null$172(Ljava/lang/Runnable;)Ljava/lang/Void;+1
j  com.sun.javafx.application.PlatformImpl$$Lambda$51.run()Ljava/lang/Object;+4
v  ~StubRoutines::call_stub
V  [libjvm.dylib+0x2ef9fe]
V  [libjvm.dylib+0x3502f4]
j  java.security.AccessController.doPrivileged(Ljava/security/PrivilegedAction;Ljava/security/AccessControlContext;)Ljava/lang/Object;+0
j  com.sun.javafx.application.PlatformImpl.lambda$runLater$173(Ljava/lang/Runnable;Ljava/security/AccessControlContext;)V+7
j  com.sun.javafx.application.PlatformImpl$$Lambda$50.run()V+8
j  com.sun.glass.ui.InvokeLaterDispatcher$Future.run()V+4
v  ~StubRoutines::call_stub
V  [libjvm.dylib+0x2ef9fe]
V  [libjvm.dylib+0x326d3c]
V  [libjvm.dylib+0x31951f]
C  [libglass.dylib+0x492c]  -[GlassRunnable run]+0x6c
C  [Foundation+0x682b5]  __NSThreadPerformPerform+0x14e
C  [CoreFoundation+0xa3a11]  __CFRUNLOOP_IS_CALLING_OUT_TO_A_SOURCE0_PERFORM_FUNCTION__+0x11
C  [CoreFoundation+0x15d42c]  __CFRunLoopDoSource0+0x6c
C  [CoreFoundation+0x86470]  __CFRunLoopDoSources0+0xd0
C  [CoreFoundation+0x858ed]  __CFRunLoopRun+0x50d
C  [CoreFoundation+0x85153]  CFRunLoopRunSpecific+0x1e3
C  [HIToolbox+0x2fd96]  RunCurrentEventLoopInMode+0x11e
C  [HIToolbox+0x2fb06]  ReceiveNextEventCommon+0x265
C  [HIToolbox+0x2f884]  _BlockUntilNextEventMatchingListInModeWithFilter+0x40
C  [AppKit+0x41a73]  _DPSNextEvent+0x825
C  [AppKit+0x7d7e34]  -[NSApplication(NSEvent) _nextEventMatchingEventMask:untilDate:inMode:dequeue:]+0xbe4
C  [AppKit+0x36885]  -[NSApplication run]+0x2fc
C  [libglass.dylib+0x68f9]  -[GlassApplication runLoop:]+0x769
C  [Foundation+0x682b5]  __NSThreadPerformPerform+0x14e
C  [CoreFoundation+0xa3a11]  __CFRUNLOOP_IS_CALLING_OUT_TO_A_SOURCE0_PERFORM_FUNCTION__+0x11
C  [CoreFoundation+0x15d42c]  __CFRunLoopDoSource0+0x6c
C  [CoreFoundation+0x86470]  __CFRunLoopDoSources0+0xd0
C  [CoreFoundation+0x858ed]  __CFRunLoopRun+0x50d
C  [CoreFoundation+0x85153]  CFRunLoopRunSpecific+0x1e3
C  [java+0x646e]  CreateExecutionEnvironment+0x367
C  [java+0x203c]  JLI_Launch+0x7a0
C  [java+0x84cb]  main+0x65
C  [java+0x1894]  start+0x34
C  0x0000000000000006

Java frames: (J=compiled Java code, j=interpreted, Vv=VM code)
j  com.sun.glass.ui.mac.MacWindow._setBounds(JIIZZIIIIFF)V+0
j  com.sun.glass.ui.Window.setBounds(IIZZIIIIFF)V+29
j  com.sun.javafx.tk.quantum.WindowStage.setBounds(FFZZFFFFFF)V+462
j  javafx.stage.Window$TKBoundsConfigurator.apply()V+110
j  javafx.stage.Window.applyBounds()V+4
j  javafx.stage.Window.centerOnScreen()V+96
j  javafx.stage.Window$9.invalidated()V+341
j  javafx.beans.property.BooleanPropertyBase.markInvalid()V+13
j  javafx.beans.property.BooleanPropertyBase.set(Z)V+106
j  javafx.stage.Window.setShowing(Z)V+11
j  javafx.stage.Window.show()V+2
j  javafx.stage.Stage.show()V+1
j  nastya.NastyaApp.start(Ljavafx/stage/Stage;)V+42
j  com.sun.javafx.application.LauncherImpl.lambda$launchApplication1$161(Ljava/util/concurrent/atomic/AtomicBoolean;Ljavafx/application/Application;)V+20
j  com.sun.javafx.application.LauncherImpl$$Lambda$55.run()V+8
j  com.sun.javafx.application.PlatformImpl.lambda$runAndWait$174(Ljava/lang/Runnable;Ljava/util/concurrent/CountDownLatch;)V+1
j  com.sun.javafx.application.PlatformImpl$$Lambda$49.run()V+8
j  com.sun.javafx.application.PlatformImpl.lambda$null$172(Ljava/lang/Runnable;)Ljava/lang/Void;+1
j  com.sun.javafx.application.PlatformImpl$$Lambda$51.run()Ljava/lang/Object;+4
v  ~StubRoutines::call_stub
j  java.security.AccessController.doPrivileged(Ljava/security/PrivilegedAction;Ljava/security/AccessControlContext;)Ljava/lang/Object;+0
j  com.sun.javafx.application.PlatformImpl.lambda$runLater$173(Ljava/lang/Runnable;Ljava/security/AccessControlContext;)V+7
j  com.sun.javafx.application.PlatformImpl$$Lambda$50.run()V+8
j  com.sun.glass.ui.InvokeLaterDispatcher$Future.run()V+4
v  ~StubRoutines::call_stub

---------------  P R O C E S S  ---------------

Java Threads: ( => current thread )
  0x00007fc3319c7000 JavaThread "Prism Font Disposer" daemon [_thread_blocked, id=79371, stack(0x000070000ed3c000,0x000070000ee3c000)]
  0x00007fc3319c6000 JavaThread "Attach Listener" daemon [_thread_blocked, id=48647, stack(0x000070000ec39000,0x000070000ed39000)]
  0x00007fc333297000 JavaThread "Thread-4" daemon [_thread_in_native, id=32003, stack(0x000070000ea2d000,0x000070000eaad000)]
=>0x00007fc33193f000 JavaThread "JavaFX Application Thread" [_thread_in_native, id=775, stack(0x00007ffee892b000,0x00007ffee912b000)]
  0x00007fc332917000 JavaThread "Thread-2" daemon [_thread_blocked, id=24843, stack(0x000070000e92a000,0x000070000ea2a000)]
  0x00007fc3320c6800 JavaThread "QuantumRenderer-0" daemon [_thread_blocked, id=14339, stack(0x000070000e827000,0x000070000e927000)]
  0x00007fc3328ea000 JavaThread "JavaFX-Launcher" [_thread_blocked, id=15875, stack(0x000070000e724000,0x000070000e824000)]
  0x00007fc33284f800 JavaThread "Service Thread" daemon [_thread_blocked, id=16643, stack(0x000070000e51e000,0x000070000e61e000)]
  0x00007fc3330ab800 JavaThread "C1 CompilerThread2" daemon [_thread_blocked, id=16899, stack(0x000070000e41b000,0x000070000e51b000)]
  0x00007fc331817000 JavaThread "C2 CompilerThread1" daemon [_thread_blocked, id=13315, stack(0x000070000e318000,0x000070000e418000)]
  0x00007fc333058800 JavaThread "C2 CompilerThread0" daemon [_thread_blocked, id=17667, stack(0x000070000e215000,0x000070000e315000)]
  0x00007fc331809800 JavaThread "Monitor Ctrl-Break" daemon [_thread_in_native, id=18179, stack(0x000070000e112000,0x000070000e212000)]
  0x00007fc332835000 JavaThread "Signal Dispatcher" daemon [_thread_blocked, id=13063, stack(0x000070000e00f000,0x000070000e10f000)]
  0x00007fc332002000 JavaThread "Finalizer" daemon [_thread_blocked, id=20739, stack(0x000070000df0c000,0x000070000e00c000)]
  0x00007fc33284a000 JavaThread "Reference Handler" daemon [_thread_blocked, id=11779, stack(0x000070000de09000,0x000070000df09000)]
  0x00007fc332809000 JavaThread "main" [_thread_blocked, id=6147, stack(0x000070000d7f7000,0x000070000d8f7000)]

Other Threads:
  0x00007fc333006800 VMThread [stack: 0x000070000dd06000,0x000070000de06000] [id=11523]
  0x00007fc3330b6800 WatcherThread [stack: 0x000070000e621000,0x000070000e721000] [id=13827]

VM state:not at safepoint (normal execution)

VM Mutex/Monitor currently owned by a thread: None

Heap:
 PSYoungGen      total 76288K, used 43573K [0x000000076ab00000, 0x0000000770000000, 0x00000007c0000000)
  eden space 65536K, 66% used [0x000000076ab00000,0x000000076d58d470,0x000000076eb00000)
  from space 10752K, 0% used [0x000000076f580000,0x000000076f580000,0x0000000770000000)
  to   space 10752K, 0% used [0x000000076eb00000,0x000000076eb00000,0x000000076f580000)
 ParOldGen       total 175104K, used 0K [0x00000006c0000000, 0x00000006cab00000, 0x000000076ab00000)
  object space 175104K, 0% used [0x00000006c0000000,0x00000006c0000000,0x00000006cab00000)
 Metaspace       used 14658K, capacity 15228K, committed 15488K, reserved 1062912K
  class space    used 1979K, capacity 2126K, committed 2176K, reserved 1048576K

Card table byte_map: [0x0000000108774000,0x0000000108f75000] byte_map_base: 0x0000000105174000

Marking Bits: (ParMarkBitMap*) 0x0000000107cf9e00
 Begin Bits: [0x00000001094cb000, 0x000000010d4cb000)
 End Bits:   [0x000000010d4cb000, 0x00000001114cb000)

Polling page: 0x0000000106b52000

CodeCache: size=245760Kb used=3955Kb max_used=3972Kb free=241804Kb
 bounds [0x0000000114698000, 0x0000000114a88000, 0x0000000123698000]
 total_blobs=1705 nmethods=1141 adapters=477
 compilation: enabled

Compilation events (10 events):
Event: 1.528 Thread 0x00007fc3330ab800 1140       1       javafx.scene.Node$LazyBoundsProperty::access$1600 (5 bytes)
Event: 1.528 Thread 0x00007fc3330ab800 nmethod 1140 0x0000000114a69650 code [0x0000000114a697a0, 0x0000000114a69890]
Event: 1.528 Thread 0x00007fc3330ab800 1139       1       javafx.scene.text.Text::isSpan (5 bytes)
Event: 1.528 Thread 0x00007fc3330ab800 nmethod 1139 0x0000000114a69910 code [0x0000000114a69a60, 0x0000000114a69b70]
Event: 1.533 Thread 0x00007fc3330ab800 1141       3       javafx.beans.property.DoublePropertyBase::set (111 bytes)
Event: 1.536 Thread 0x00007fc3330ab800 nmethod 1141 0x0000000114a69bd0 code [0x0000000114a69ee0, 0x0000000114a6b7b8]
Event: 1.551 Thread 0x00007fc331817000 nmethod 1060 0x0000000114a70e10 code [0x0000000114a71220, 0x0000000114a73260]
Event: 1.551 Thread 0x00007fc331817000 1085       4       java.io.FilterInputStream::read (8 bytes)
Event: 1.555 Thread 0x00007fc331817000 nmethod 1085 0x0000000114a6d610 code [0x0000000114a6d780, 0x0000000114a6dc08]
Event: 1.555 Thread 0x00007fc331817000 1086       4       java.io.DataInputStream::readChar (40 bytes)

GC Heap History (0 events):
No events

Deoptimization events (10 events):
Event: 1.010 Thread 0x00007fc33193f000 Uncommon trap: reason=class_check action=maybe_recompile pc=0x000000011491ae04 method=java.io.DataInputStream.readShort()S @ 4
Event: 1.016 Thread 0x00007fc33193f000 Uncommon trap: reason=class_check action=maybe_recompile pc=0x00000001147b4550 method=java.lang.String.equals(Ljava/lang/Object;)Z @ 8
Event: 1.016 Thread 0x00007fc33193f000 Uncommon trap: reason=class_check action=maybe_recompile pc=0x00000001147b4550 method=java.lang.String.equals(Ljava/lang/Object;)Z @ 8
Event: 1.016 Thread 0x00007fc33193f000 Uncommon trap: reason=class_check action=maybe_recompile pc=0x00000001147b4550 method=java.lang.String.equals(Ljava/lang/Object;)Z @ 8
Event: 1.019 Thread 0x00007fc33193f000 Uncommon trap: reason=class_check action=maybe_recompile pc=0x00000001147b4550 method=java.lang.String.equals(Ljava/lang/Object;)Z @ 8
Event: 1.373 Thread 0x00007fc33193f000 Uncommon trap: reason=unstable_if action=reinterpret pc=0x00000001148f1860 method=java.lang.CharacterData.of(I)Ljava/lang/CharacterData; @ 4
Event: 1.466 Thread 0x00007fc33193f000 Uncommon trap: reason=class_check action=maybe_recompile pc=0x0000000114a33fc8 method=com.sun.javafx.css.StyleMap.isEmpty()Z @ 11
Event: 1.467 Thread 0x00007fc33193f000 Uncommon trap: reason=class_check action=maybe_recompile pc=0x0000000114a33fc8 method=com.sun.javafx.css.StyleMap.isEmpty()Z @ 11
Event: 1.467 Thread 0x00007fc33193f000 Uncommon trap: reason=class_check action=maybe_recompile pc=0x0000000114a33fc8 method=com.sun.javafx.css.StyleMap.isEmpty()Z @ 11
Event: 1.467 Thread 0x00007fc33193f000 Uncommon trap: reason=class_check action=maybe_recompile pc=0x0000000114a33fc8 method=com.sun.javafx.css.StyleMap.isEmpty()Z @ 11

Classes redefined (0 events):
No events

Internal exceptions (10 events):
Event: 0.257 Thread 0x00007fc332809000 Exception <a 'java/lang/NoSuchFieldError': method resolution failed> (0x000000076b01b468) thrown at [/Users/java_re/workspace/8-2-build-macosx-x86_64/jdk8u191/11896/hotspot/src/share/vm/prims/methodHandles.cpp, line 1167]
Event: 0.259 Thread 0x00007fc332809000 Exception <a 'java/lang/NoSuchFieldError': method resolution failed> (0x000000076b0290d8) thrown at [/Users/java_re/workspace/8-2-build-macosx-x86_64/jdk8u191/11896/hotspot/src/share/vm/prims/methodHandles.cpp, line 1167]
Event: 0.286 Thread 0x00007fc3328ea000 Exception <a 'java/security/PrivilegedActionException'> (0x000000076b184070) thrown at [/Users/java_re/workspace/8-2-build-macosx-x86_64/jdk8u191/11896/hotspot/src/share/vm/prims/jvm.cpp, line 1435]
Event: 0.286 Thread 0x00007fc3328ea000 Exception <a 'java/security/PrivilegedActionException'> (0x000000076b184280) thrown at [/Users/java_re/workspace/8-2-build-macosx-x86_64/jdk8u191/11896/hotspot/src/share/vm/prims/jvm.cpp, line 1435]
Event: 0.287 Thread 0x00007fc3328ea000 Exception <a 'java/security/PrivilegedActionException'> (0x000000076b1875b0) thrown at [/Users/java_re/workspace/8-2-build-macosx-x86_64/jdk8u191/11896/hotspot/src/share/vm/prims/jvm.cpp, line 1435]
Event: 0.287 Thread 0x00007fc3328ea000 Exception <a 'java/security/PrivilegedActionException'> (0x000000076b1877c0) thrown at [/Users/java_re/workspace/8-2-build-macosx-x86_64/jdk8u191/11896/hotspot/src/share/vm/prims/jvm.cpp, line 1435]
Event: 0.287 Thread 0x00007fc3328ea000 Exception <a 'java/lang/NullPointerException'> (0x000000076b1883e0) thrown at [/Users/java_re/workspace/8-2-build-macosx-x86_64/jdk8u191/11896/hotspot/src/share/vm/interpreter/linkResolver.cpp, line 1185]
Event: 0.704 Thread 0x00007fc33193f000 Exception <a 'java/lang/NullPointerException'> (0x000000076c012ce8) thrown at [/Users/java_re/workspace/8-2-build-macosx-x86_64/jdk8u191/11896/hotspot/src/share/vm/interpreter/linkResolver.cpp, line 1185]
Event: 0.704 Thread 0x00007fc33193f000 Exception <a 'java/lang/NullPointerException'> (0x000000076c012ce8) thrown at [/Users/java_re/workspace/8-2-build-macosx-x86_64/jdk8u191/11896/hotspot/src/share/vm/prims/jvm.cpp, line 1439]
Event: 0.912 Thread 0x00007fc33193f000 Implicit null exception at 0x00000001149279f5 to 0x0000000114927bf1

Events (10 events):
Event: 1.524 loading class com/sun/javafx/scene/control/behavior/TextBinding
Event: 1.524 loading class com/sun/javafx/scene/control/behavior/TextBinding done
Event: 1.524 loading class com/sun/javafx/scene/control/behavior/TextBinding$MnemonicKeyCombination
Event: 1.524 loading class com/sun/javafx/scene/control/behavior/TextBinding$MnemonicKeyCombination done
Event: 1.524 loading class javafx/scene/text/Text$9
Event: 1.524 loading class javafx/scene/text/Text$9 done
Event: 1.529 loading class com/sun/javafx/tk/quantum/GlassViewEventHandler$ViewEventNotification
Event: 1.529 loading class com/sun/javafx/tk/quantum/GlassViewEventHandler$ViewEventNotification done
Event: 1.533 loading class com/sun/javafx/tk/quantum/GlassWindowEventHandler
Event: 1.533 loading class com/sun/javafx/tk/quantum/GlassWindowEventHandler done


Dynamic libraries:
0x00007fff54b45000 	/System/Library/Frameworks/Cocoa.framework/Versions/A/Cocoa
0x00007fff6115e000 	/System/Library/Frameworks/Security.framework/Versions/A/Security
0x00007fff53787000 	/System/Library/Frameworks/ApplicationServices.framework/Versions/A/ApplicationServices
0x00007fff7cf9e000 	/usr/lib/libz.1.dylib
0x00007fff7aecf000 	/usr/lib/libSystem.B.dylib
0x00007fff7c588000 	/usr/lib/libobjc.A.dylib
0x00007fff552f8000 	/System/Library/Frameworks/CoreFoundation.framework/Versions/A/CoreFoundation
0x00007fff57459000 	/System/Library/Frameworks/Foundation.framework/Versions/C/Foundation
0x00007fff528d7000 	/System/Library/Frameworks/AppKit.framework/Versions/C/AppKit
0x00007fff54ebd000 	/System/Library/Frameworks/CoreData.framework/Versions/A/CoreData
0x00007fff74814000 	/System/Library/PrivateFrameworks/RemoteViewServices.framework/Versions/A/RemoteViewServices
0x00007fff78f74000 	/System/Library/PrivateFrameworks/UIFoundation.framework/Versions/A/UIFoundation
0x00007fff69626000 	/System/Library/PrivateFrameworks/DFRFoundation.framework/Versions/A/DFRFoundation
0x00007fff59ac5000 	/System/Library/Frameworks/Metal.framework/Versions/A/Metal
0x00007fff697c3000 	/System/Library/PrivateFrameworks/DesktopServicesPriv.framework/Versions/A/DesktopServicesPriv
0x00007fff7bad5000 	/usr/lib/libenergytrace.dylib
0x00007fff76fdf000 	/System/Library/PrivateFrameworks/SkyLight.framework/Versions/A/SkyLight
0x00007fff5579b000 	/System/Library/Frameworks/CoreGraphics.framework/Versions/A/CoreGraphics
0x00007fff7aeca000 	/usr/lib/libScreenReader.dylib
0x00007fff51871000 	/System/Library/Frameworks/Accelerate.framework/Versions/A/Accelerate
0x00007fff57bd3000 	/System/Library/Frameworks/IOSurface.framework/Versions/A/IOSurface
0x00007fff53cd1000 	/System/Library/Frameworks/AudioToolbox.framework/Versions/A/AudioToolbox
0x00007fff53f61000 	/System/Library/Frameworks/AudioUnit.framework/Versions/A/AudioUnit
0x00007fff696be000 	/System/Library/PrivateFrameworks/DataDetectorsCore.framework/Versions/A/DataDetectorsCore
0x00007fff54638000 	/System/Library/Frameworks/Carbon.framework/Versions/A/Frameworks/HIToolbox.framework/Versions/A/HIToolbox
0x00007fff7bc2f000 	/usr/lib/libicucore.A.dylib
0x00007fff606dd000 	/System/Library/Frameworks/QuartzCore.framework/Versions/A/QuartzCore
0x00007fff76296000 	/System/Library/PrivateFrameworks/SignpostNotification.framework/Versions/A/SignpostNotification
0x00007fff54a1e000 	/System/Library/Frameworks/Carbon.framework/Versions/A/Frameworks/SpeechRecognition.framework/Versions/A/SpeechRecognition
0x00007fff7b02b000 	/usr/lib/libauto.dylib
0x00007fff7ce8d000 	/usr/lib/libxml2.2.dylib
0x00007fff69277000 	/System/Library/PrivateFrameworks/CoreUI.framework/Versions/A/CoreUI
0x00007fff54d99000 	/System/Library/Frameworks/CoreAudio.framework/Versions/A/CoreAudio
0x00007fff57293000 	/System/Library/Frameworks/DiskArbitration.framework/Versions/A/DiskArbitration
0x00007fff7bea3000 	/usr/lib/liblangid.dylib
0x00007fff70d1e000 	/System/Library/PrivateFrameworks/MultitouchSupport.framework/Versions/A/MultitouchSupport
0x00007fff57b36000 	/System/Library/Frameworks/IOKit.framework/Versions/A/IOKit
0x00007fff7ab59000 	/usr/lib/libDiagnosticMessagesClient.dylib
0x00007fff56471000 	/System/Library/Frameworks/CoreServices.framework/Versions/A/CoreServices
0x00007fff72850000 	/System/Library/PrivateFrameworks/PerformanceAnalysis.framework/Versions/A/PerformanceAnalysis
0x00007fff5f87f000 	/System/Library/Frameworks/OpenGL.framework/Versions/A/OpenGL
0x00007fff54b53000 	/System/Library/Frameworks/ColorSync.framework/Versions/A/ColorSync
0x00007fff55dad000 	/System/Library/Frameworks/CoreImage.framework/Versions/A/CoreImage
0x00007fff56e01000 	/System/Library/Frameworks/CoreText.framework/Versions/A/CoreText
0x00007fff57c31000 	/System/Library/Frameworks/ImageIO.framework/Versions/A/ImageIO
0x00007fff65f6e000 	/System/Library/PrivateFrameworks/Backup.framework/Versions/A/Backup
0x00007fff7af7b000 	/usr/lib/libarchive.2.dylib
0x00007fff54284000 	/System/Library/Frameworks/CFNetwork.framework/Versions/A/CFNetwork
0x00007fff618f1000 	/System/Library/Frameworks/SystemConfiguration.framework/Versions/A/SystemConfiguration
0x00007fff7aa82000 	/usr/lib/libCRFSuite.dylib
0x00007fff7b104000 	/usr/lib/libc++.1.dylib
0x00007fff7b15b000 	/usr/lib/libc++abi.dylib
0x00007fff7d04c000 	/usr/lib/system/libcache.dylib
0x00007fff7d051000 	/usr/lib/system/libcommonCrypto.dylib
0x00007fff7d05c000 	/usr/lib/system/libcompiler_rt.dylib
0x00007fff7d064000 	/usr/lib/system/libcopyfile.dylib
0x00007fff7d06e000 	/usr/lib/system/libcorecrypto.dylib
0x00007fff7d17b000 	/usr/lib/system/libdispatch.dylib
0x00007fff7d1b5000 	/usr/lib/system/libdyld.dylib
0x00007fff7d1d3000 	/usr/lib/system/libkeymgr.dylib
0x00007fff7d1e1000 	/usr/lib/system/liblaunch.dylib
0x00007fff7d1e2000 	/usr/lib/system/libmacho.dylib
0x00007fff7d1e7000 	/usr/lib/system/libquarantine.dylib
0x00007fff7d1ea000 	/usr/lib/system/libremovefile.dylib
0x00007fff7d1ec000 	/usr/lib/system/libsystem_asl.dylib
0x00007fff7d204000 	/usr/lib/system/libsystem_blocks.dylib
0x00007fff7d205000 	/usr/lib/system/libsystem_c.dylib
0x00007fff7d28f000 	/usr/lib/system/libsystem_configuration.dylib
0x00007fff7d293000 	/usr/lib/system/libsystem_coreservices.dylib
0x00007fff7d297000 	/usr/lib/system/libsystem_darwin.dylib
0x00007fff7d299000 	/usr/lib/system/libsystem_dnssd.dylib
0x00007fff7d2a0000 	/usr/lib/system/libsystem_info.dylib
0x00007fff7d311000 	/usr/lib/system/libsystem_m.dylib
0x00007fff7d35d000 	/usr/lib/system/libsystem_malloc.dylib
0x00007fff7d37d000 	/usr/lib/system/libsystem_network.dylib
0x00007fff7d4ae000 	/usr/lib/system/libsystem_networkextension.dylib
0x00007fff7d4b9000 	/usr/lib/system/libsystem_notify.dylib
0x00007fff7d4d7000 	/usr/lib/system/libsystem_sandbox.dylib
0x00007fff7d4db000 	/usr/lib/system/libsystem_secinit.dylib
0x00007fff7d2ea000 	/usr/lib/system/libsystem_kernel.dylib
0x00007fff7d4c3000 	/usr/lib/system/libsystem_platform.dylib
0x00007fff7d4cb000 	/usr/lib/system/libsystem_pthread.dylib
0x00007fff7d4dd000 	/usr/lib/system/libsystem_symptoms.dylib
0x00007fff7d4e5000 	/usr/lib/system/libsystem_trace.dylib
0x00007fff7d4fa000 	/usr/lib/system/libunwind.dylib
0x00007fff7d500000 	/usr/lib/system/libxpc.dylib
0x00007fff7a995000 	/usr/lib/closure/libclosured.dylib
0x00007fff7b0e5000 	/usr/lib/libbsm.0.dylib
0x00007fff7d1d4000 	/usr/lib/system/libkxld.dylib
0x00007fff7ad93000 	/usr/lib/libOpenScriptingUtil.dylib
0x00007fff7b454000 	/usr/lib/libcoretls.dylib
0x00007fff7b46d000 	/usr/lib/libcoretls_cfhelpers.dylib
0x00007fff7c989000 	/usr/lib/libpam.2.dylib
0x00007fff7cab0000 	/usr/lib/libsqlite3.dylib
0x00007fff7ce7c000 	/usr/lib/libxar.1.dylib
0x00007fff7b0f6000 	/usr/lib/libbz2.1.0.dylib
0x00007fff7bea5000 	/usr/lib/liblzma.5.dylib
0x00007fff7c386000 	/usr/lib/libnetwork.dylib
0x00007fff7af64000 	/usr/lib/libapple_nghttp2.dylib
0x00007fff7c990000 	/usr/lib/libpcap.A.dylib
0x00007fff7b02c000 	/usr/lib/libboringssl.dylib
0x00007fff7ce17000 	/usr/lib/libusrtcp.dylib
0x00007fff7af63000 	/usr/lib/libapple_crypto.dylib
0x00007fff567f4000 	/System/Library/Frameworks/CoreServices.framework/Versions/A/Frameworks/FSEvents.framework/Versions/A/FSEvents
0x00007fff564e7000 	/System/Library/Frameworks/CoreServices.framework/Versions/A/Frameworks/CarbonCore.framework/Versions/A/CarbonCore
0x00007fff569bb000 	/System/Library/Frameworks/CoreServices.framework/Versions/A/Frameworks/Metadata.framework/Versions/A/Metadata
0x00007fff56a6c000 	/System/Library/Frameworks/CoreServices.framework/Versions/A/Frameworks/OSServices.framework/Versions/A/OSServices
0x00007fff56acd000 	/System/Library/Frameworks/CoreServices.framework/Versions/A/Frameworks/SearchKit.framework/Versions/A/SearchKit
0x00007fff56472000 	/System/Library/Frameworks/CoreServices.framework/Versions/A/Frameworks/AE.framework/Versions/A/AE
0x00007fff567fd000 	/System/Library/Frameworks/CoreServices.framework/Versions/A/Frameworks/LaunchServices.framework/Versions/A/LaunchServices
0x00007fff567bf000 	/System/Library/Frameworks/CoreServices.framework/Versions/A/Frameworks/DictionaryServices.framework/Versions/A/DictionaryServices
0x00007fff56b3c000 	/System/Library/Frameworks/CoreServices.framework/Versions/A/Frameworks/SharedFileList.framework/Versions/A/SharedFileList
0x00007fff5acfb000 	/System/Library/Frameworks/NetFS.framework/Versions/A/NetFS
0x00007fff70faf000 	/System/Library/PrivateFrameworks/NetAuth.framework/Versions/A/NetAuth
0x00007fff7a82c000 	/System/Library/PrivateFrameworks/login.framework/Versions/A/Frameworks/loginsupport.framework/Versions/A/loginsupport
0x00007fff78bf1000 	/System/Library/PrivateFrameworks/TCC.framework/Versions/A/TCC
0x00007fff7bf86000 	/usr/lib/libmecabra.dylib
0x00007fff53788000 	/System/Library/Frameworks/ApplicationServices.framework/Versions/A/Frameworks/ATS.framework/Versions/A/ATS
0x00007fff53b36000 	/System/Library/Frameworks/ApplicationServices.framework/Versions/A/Frameworks/ColorSyncLegacy.framework/Versions/A/ColorSyncLegacy
0x00007fff53bda000 	/System/Library/Frameworks/ApplicationServices.framework/Versions/A/Frameworks/HIServices.framework/Versions/A/HIServices
0x00007fff53c2d000 	/System/Library/Frameworks/ApplicationServices.framework/Versions/A/Frameworks/LangAnalysis.framework/Versions/A/LangAnalysis
0x00007fff53c3c000 	/System/Library/Frameworks/ApplicationServices.framework/Versions/A/Frameworks/PrintCore.framework/Versions/A/PrintCore
0x00007fff53c89000 	/System/Library/Frameworks/ApplicationServices.framework/Versions/A/Frameworks/QD.framework/Versions/A/QD
0x00007fff53cc4000 	/System/Library/Frameworks/ApplicationServices.framework/Versions/A/Frameworks/SpeechSynthesis.framework/Versions/A/SpeechSynthesis
0x00007fff55214000 	/System/Library/Frameworks/CoreDisplay.framework/Versions/A/CoreDisplay
0x00007fff51889000 	/System/Library/Frameworks/Accelerate.framework/Versions/A/Frameworks/vImage.framework/Versions/A/vImage
0x00007fff525e3000 	/System/Library/Frameworks/Accelerate.framework/Versions/A/Frameworks/vecLib.framework/Versions/A/vecLib
0x00007fff52383000 	/System/Library/Frameworks/Accelerate.framework/Versions/A/Frameworks/vecLib.framework/Versions/A/libvDSP.dylib
0x00007fff51ee3000 	/System/Library/Frameworks/Accelerate.framework/Versions/A/Frameworks/vecLib.framework/Versions/A/libBNNS.dylib
0x00007fff522e8000 	/System/Library/Frameworks/Accelerate.framework/Versions/A/Frameworks/vecLib.framework/Versions/A/libQuadrature.dylib
0x00007fff52531000 	/System/Library/Frameworks/Accelerate.framework/Versions/A/Frameworks/vecLib.framework/Versions/A/libvMisc.dylib
0x00007fff51f12000 	/System/Library/Frameworks/Accelerate.framework/Versions/A/Frameworks/vecLib.framework/Versions/A/libLAPACK.dylib
0x00007fff51d88000 	/System/Library/Frameworks/Accelerate.framework/Versions/A/Frameworks/vecLib.framework/Versions/A/libBLAS.dylib
0x00007fff522d2000 	/System/Library/Frameworks/Accelerate.framework/Versions/A/Frameworks/vecLib.framework/Versions/A/libLinearAlgebra.dylib
0x00007fff522ee000 	/System/Library/Frameworks/Accelerate.framework/Versions/A/Frameworks/vecLib.framework/Versions/A/libSparse.dylib
0x00007fff5236f000 	/System/Library/Frameworks/Accelerate.framework/Versions/A/Frameworks/vecLib.framework/Versions/A/libSparseBLAS.dylib
0x00007fff6de02000 	/System/Library/PrivateFrameworks/GPUWrangler.framework/Versions/A/GPUWrangler
0x00007fff6f593000 	/System/Library/PrivateFrameworks/IOAccelerator.framework/Versions/A/IOAccelerator
0x00007fff6f59e000 	/System/Library/PrivateFrameworks/IOPresentment.framework/Versions/A/IOPresentment
0x00007fff69638000 	/System/Library/PrivateFrameworks/DSExternalDisplay.framework/Versions/A/DSExternalDisplay
0x00007fff5ecfe000 	/System/Library/Frameworks/OpenGL.framework/Versions/A/Libraries/libCoreFSCache.dylib
0x00007fff56f52000 	/System/Library/Frameworks/CoreVideo.framework/Versions/A/CoreVideo
0x00007fff6eb7d000 	/System/Library/PrivateFrameworks/GraphVisualizer.framework/Versions/A/GraphVisualizer
0x00007fff59cfc000 	/System/Library/Frameworks/MetalPerformanceShaders.framework/Versions/A/MetalPerformanceShaders
0x00007fff7ab91000 	/usr/lib/libFosl_dynamic.dylib
0x00007fff6a70c000 	/System/Library/PrivateFrameworks/FaceCore.framework/Versions/A/FaceCore
0x00007fff5daf9000 	/System/Library/Frameworks/OpenCL.framework/Versions/A/OpenCL
0x00007fff7b192000 	/usr/lib/libcompression.dylib
0x00007fff53887000 	/System/Library/Frameworks/ApplicationServices.framework/Versions/A/Frameworks/ATS.framework/Versions/A/Resources/libFontParser.dylib
0x00007fff539aa000 	/System/Library/Frameworks/ApplicationServices.framework/Versions/A/Frameworks/ATS.framework/Versions/A/Resources/libFontRegistry.dylib
0x00007fff57e99000 	/System/Library/Frameworks/ImageIO.framework/Versions/A/Resources/libJPEG.dylib
0x00007fff581c2000 	/System/Library/Frameworks/ImageIO.framework/Versions/A/Resources/libTIFF.dylib
0x00007fff58198000 	/System/Library/Frameworks/ImageIO.framework/Versions/A/Resources/libPng.dylib
0x00007fff57dac000 	/System/Library/Frameworks/ImageIO.framework/Versions/A/Resources/libGIF.dylib
0x00007fff57db1000 	/System/Library/Frameworks/ImageIO.framework/Versions/A/Resources/libJP2.dylib
0x00007fff581bf000 	/System/Library/Frameworks/ImageIO.framework/Versions/A/Resources/libRadiance.dylib
0x00007fff65699000 	/System/Library/PrivateFrameworks/AppleJPEG.framework/Versions/A/AppleJPEG
0x00007fff59b63000 	/System/Library/Frameworks/MetalPerformanceShaders.framework/Frameworks/MPSCore.framework/Versions/A/MPSCore
0x00007fff59b7f000 	/System/Library/Frameworks/MetalPerformanceShaders.framework/Frameworks/MPSImage.framework/Versions/A/MPSImage
0x00007fff59c14000 	/System/Library/Frameworks/MetalPerformanceShaders.framework/Frameworks/MPSNeuralNetwork.framework/Versions/A/MPSNeuralNetwork
0x00007fff59bef000 	/System/Library/Frameworks/MetalPerformanceShaders.framework/Frameworks/MPSMatrix.framework/Versions/A/MPSMatrix
0x00007fff70a94000 	/System/Library/PrivateFrameworks/MetalTools.framework/Versions/A/MetalTools
0x00007fff5eec9000 	/System/Library/Frameworks/OpenGL.framework/Versions/A/Libraries/libGLU.dylib
0x00007fff5ed09000 	/System/Library/Frameworks/OpenGL.framework/Versions/A/Libraries/libGFXShared.dylib
0x00007fff5ed13000 	/System/Library/Frameworks/OpenGL.framework/Versions/A/Libraries/libGL.dylib
0x00007fff5ed1f000 	/System/Library/Frameworks/OpenGL.framework/Versions/A/Libraries/libGLImage.dylib
0x00007fff5ecfb000 	/System/Library/Frameworks/OpenGL.framework/Versions/A/Libraries/libCVMSPluginSupport.dylib
0x00007fff5ed04000 	/System/Library/Frameworks/OpenGL.framework/Versions/A/Libraries/libCoreVMClient.dylib
0x00007fff7b93f000 	/usr/lib/libcups.2.dylib
0x00007fff590ca000 	/System/Library/Frameworks/Kerberos.framework/Versions/A/Kerberos
0x00007fff57890000 	/System/Library/Frameworks/GSS.framework/Versions/A/GSS
0x00007fff7ca43000 	/usr/lib/libresolv.9.dylib
0x00007fff7bb3d000 	/usr/lib/libiconv.2.dylib
0x00007fff6ec0f000 	/System/Library/PrivateFrameworks/Heimdal.framework/Versions/A/Heimdal
0x00007fff7bb0c000 	/usr/lib/libheimdal-asn1.dylib
0x00007fff5db71000 	/System/Library/Frameworks/OpenDirectory.framework/Versions/A/OpenDirectory
0x00007fff679af000 	/System/Library/PrivateFrameworks/CommonAuth.framework/Versions/A/CommonAuth
0x00007fff5db54000 	/System/Library/Frameworks/OpenDirectory.framework/Versions/A/Frameworks/CFOpenDirectory.framework/Versions/A/CFOpenDirectory
0x00007fff6148a000 	/System/Library/Frameworks/SecurityFoundation.framework/Versions/A/SecurityFoundation
0x00007fff6485e000 	/System/Library/PrivateFrameworks/APFS.framework/Versions/A/APFS
0x00007fff7ce78000 	/usr/lib/libutil.dylib
0x00007fff6571c000 	/System/Library/PrivateFrameworks/AppleSauce.framework/Versions/A/AppleSauce
0x00007fff6fd7b000 	/System/Library/PrivateFrameworks/LinguisticData.framework/Versions/A/LinguisticData
0x00007fff7bebf000 	/usr/lib/libmarisa.dylib
0x00007fff6fd35000 	/System/Library/PrivateFrameworks/Lexicon.framework/Versions/A/Lexicon
0x00007fff7aabc000 	/usr/lib/libChineseTokenizer.dylib
0x00007fff7b181000 	/usr/lib/libcmph.dylib
0x00007fff6fc3f000 	/System/Library/PrivateFrameworks/LanguageModeling.framework/Versions/A/LanguageModeling
0x00007fff684be000 	/System/Library/PrivateFrameworks/CoreEmoji.framework/Versions/A/CoreEmoji
0x00007fff61548000 	/System/Library/Frameworks/ServiceManagement.framework/Versions/A/ServiceManagement
0x00007fff65f66000 	/System/Library/PrivateFrameworks/BackgroundTaskManagement.framework/Versions/A/BackgroundTaskManagement
0x00007fff7cf75000 	/usr/lib/libxslt.1.dylib
0x00007fff54948000 	/System/Library/Frameworks/Carbon.framework/Versions/A/Frameworks/Ink.framework/Versions/A/Ink
0x00007fff78e06000 	/System/Library/PrivateFrameworks/TextureIO.framework/Versions/A/TextureIO
0x00007fff7afa6000 	/usr/lib/libate.dylib
0x00007fff69598000 	/System/Library/PrivateFrameworks/CrashReporterSupport.framework/Versions/A/CrashReporterSupport
0x00007fff76156000 	/System/Library/PrivateFrameworks/Sharing.framework/Versions/A/Sharing
0x00007fff6f980000 	/System/Library/PrivateFrameworks/IconServices.framework/Versions/A/IconServices
0x00007fff65b96000 	/System/Library/PrivateFrameworks/AuthKit.framework/Versions/A/AuthKit
0x00007fff6551c000 	/System/Library/PrivateFrameworks/Apple80211.framework/Versions/A/Apple80211
0x00007fff693ad000 	/System/Library/PrivateFrameworks/CoreUtils.framework/Versions/A/CoreUtils
0x00007fff56f8d000 	/System/Library/Frameworks/CoreWLAN.framework/Versions/A/CoreWLAN
0x00007fff579d2000 	/System/Library/Frameworks/IOBluetooth.framework/Versions/A/IOBluetooth
0x00007fff7461f000 	/System/Library/PrivateFrameworks/ProtocolBuffer.framework/Versions/A/ProtocolBuffer
0x00007fff70c79000 	/System/Library/PrivateFrameworks/MobileKeyBag.framework/Versions/A/MobileKeyBag
0x00007fff68c62000 	/System/Library/PrivateFrameworks/CorePhoneNumbers.framework/Versions/A/CorePhoneNumbers
0x00007fff65654000 	/System/Library/PrivateFrameworks/AppleIDAuthSupport.framework/Versions/A/AppleIDAuthSupport
0x00007fff6fc2b000 	/System/Library/PrivateFrameworks/KeychainCircle.framework/Versions/A/KeychainCircle
0x00007fff69533000 	/System/Library/PrivateFrameworks/CoreWiFi.framework/Versions/A/CoreWiFi
0x00007fff54e93000 	/System/Library/Frameworks/CoreBluetooth.framework/Versions/A/CoreBluetooth
0x00007fff69782000 	/System/Library/PrivateFrameworks/DebugSymbols.framework/Versions/A/DebugSymbols
0x00007fff69163000 	/System/Library/PrivateFrameworks/CoreSymbolication.framework/Versions/A/CoreSymbolication
0x00007fff785f7000 	/System/Library/PrivateFrameworks/Symbolication.framework/Versions/A/Symbolication
0x00007fff65546000 	/System/Library/PrivateFrameworks/AppleFSCompression.framework/Versions/A/AppleFSCompression
0x00007fff77a44000 	/System/Library/PrivateFrameworks/SpeechRecognitionCore.framework/Versions/A/SpeechRecognitionCore
0x0000000107400000 	/Library/Java/JavaVirtualMachines/jdk1.8.0_191.jdk/Contents/Home/jre/lib/server/libjvm.dylib
0x00007fff7cd45000 	/usr/lib/libstdc++.6.0.9.dylib
0x0000000106b0e000 	/Library/Java/JavaVirtualMachines/jdk1.8.0_191.jdk/Contents/Home/jre/lib/libverify.dylib
0x0000000106b1c000 	/Library/Java/JavaVirtualMachines/jdk1.8.0_191.jdk/Contents/Home/jre/lib/libjava.dylib
0x0000000106b53000 	/Library/Java/JavaVirtualMachines/jdk1.8.0_191.jdk/Contents/Home/jre/lib/libinstrument.dylib
0x0000000106bf1000 	/Library/Java/JavaVirtualMachines/jdk1.8.0_191.jdk/Contents/Home/jre/lib/libzip.dylib
0x0000000113923000 	/Library/Java/JavaVirtualMachines/jdk1.8.0_191.jdk/Contents/Home/jre/lib/libnet.dylib
0x0000000113a18000 	/Library/Java/JavaVirtualMachines/jdk1.8.0_191.jdk/Contents/Home/jre/lib/libprism_es2.dylib
0x00007fff68df5000 	/System/Library/PrivateFrameworks/CoreServicesInternal.framework/Versions/A/CoreServicesInternal
0x00007fff5f88f000 	/System/Library/Frameworks/OpenGL.framework/Versions/A/Resources/GLEngine.bundle/GLEngine
0x00007fff5ed5b000 	/System/Library/Frameworks/OpenGL.framework/Versions/A/Libraries/libGLProgrammability.dylib
0x0000000125020000 	/System/Library/Extensions/AppleIntelKBLGraphicsGLDriver.bundle/Contents/MacOS/AppleIntelKBLGraphicsGLDriver
0x00007fff6ddf6000 	/System/Library/PrivateFrameworks/GPUSupport.framework/Versions/A/Libraries/libGPUSupportMercury.dylib
0x00007fff5fa27000 	/System/Library/Frameworks/OpenGL.framework/Versions/A/Resources/GLRendererFloat.bundle/GLRendererFloat
0x00007fff5daf0000 	/System/Library/Frameworks/OpenCL.framework/Versions/A/Libraries/libcldcpuengine.dylib
0x00007fff7b607000 	/usr/lib/libcrypto.35.dylib
0x00007fff78f6d000 	/System/Library/PrivateFrameworks/TrustEvaluationAgent.framework/Versions/A/TrustEvaluationAgent
0x00000001140e4000 	/Library/Java/JavaVirtualMachines/jdk1.8.0_191.jdk/Contents/Home/jre/lib/libglass.dylib
0x00007fff4d8af000 	/System/Library/CoreServices/RawCamera.bundle/Contents/MacOS/RawCamera
0x00007fff70b06000 	/System/Library/PrivateFrameworks/MobileAsset.framework/Versions/A/MobileAsset
0x00007fff77efe000 	/System/Library/PrivateFrameworks/StreamingZip.framework/Versions/A/StreamingZip
0x00007fff59459000 	/System/Library/Frameworks/MediaToolbox.framework/Versions/A/MediaToolbox
0x00007fff680fd000 	/System/Library/PrivateFrameworks/CoreAVCHD.framework/Versions/A/CoreAVCHD
0x00007fff593a2000 	/System/Library/Frameworks/MediaAccessibility.framework/Versions/A/MediaAccessibility
0x00007fff70581000 	/System/Library/PrivateFrameworks/Mangrove.framework/Versions/A/Mangrove
0x00007fff5632b000 	/System/Library/Frameworks/CoreMedia.framework/Versions/A/CoreMedia
0x00007fff61b16000 	/System/Library/Frameworks/VideoToolbox.framework/Versions/A/VideoToolbox
0x00007fff67cf4000 	/System/Library/PrivateFrameworks/CoreAUC.framework/Versions/A/CoreAUC
0x00007fff7caae000 	/usr/lib/libspindump.dylib
0x00007fff65811000 	/System/Library/PrivateFrameworks/AppleVA.framework/Versions/A/AppleVA
0x00007fff51872000 	/System/Library/Frameworks/Accelerate.framework/Versions/A/Frameworks/vImage.framework/Versions/A/Libraries/libCGInterfaces.dylib
0x00007fff6ab44000 	/System/Library/PrivateFrameworks/FamilyControls.framework/Versions/A/FamilyControls
0x00007fff679a2000 	/System/Library/PrivateFrameworks/CommerceKit.framework/Versions/A/Frameworks/CommerceCore.framework/Versions/A/CommerceCore
0x00007fff78946000 	/System/Library/PrivateFrameworks/SystemAdministration.framework/Versions/A/SystemAdministration
0x00007fff654cf000 	/System/Library/PrivateFrameworks/AppContainer.framework/Versions/A/AppContainer
0x00007fff7600e000 	/System/Library/PrivateFrameworks/SecCodeWrapper.framework/Versions/A/SecCodeWrapper
0x00007fff69ad0000 	/System/Library/PrivateFrameworks/DiskManagement.framework/Versions/A/DiskManagement
0x00007fff571a6000 	/System/Library/Frameworks/DirectoryService.framework/Versions/A/DirectoryService
0x00007fff699fd000 	/System/Library/PrivateFrameworks/DiskImages.framework/Versions/A/DiskImages
0x00007fff6fe72000 	/System/Library/PrivateFrameworks/LoginUIKit.framework/Versions/A/Frameworks/LoginUICore.framework/Versions/A/LoginUICore
0x00007fff7aac8000 	/usr/lib/libCoreStorage.dylib
0x00007fff7b933000 	/usr/lib/libcsfde.dylib
0x00007fff7c977000 	/usr/lib/libodfde.dylib
0x00007fff706a0000 	/System/Library/PrivateFrameworks/MediaKit.framework/Versions/A/MediaKit
0x00007fff571b2000 	/System/Library/Frameworks/DiscRecording.framework/Versions/A/DiscRecording
0x00007fff69c4c000 	/System/Library/PrivateFrameworks/EFILogin.framework/Versions/A/EFILogin
0x00007fff745c7000 	/System/Library/PrivateFrameworks/ProtectedCloudStorage.framework/Versions/A/ProtectedCloudStorage
0x00007fff7b9c0000 	/usr/lib/libcurl.4.dylib
0x00007fff7cc9f000 	/usr/lib/libssl.35.dylib
0x00007fff590e4000 	/System/Library/Frameworks/LDAP.framework/Versions/A/LDAP
0x00007fff7ca9b000 	/usr/lib/libsasl2.2.dylib
0x00007fff68347000 	/System/Library/PrivateFrameworks/CoreDaemon.framework/Versions/B/CoreDaemon
0x00007fff65713000 	/System/Library/PrivateFrameworks/AppleSRP.framework/Versions/A/AppleSRP
0x00000001145c1000 	/Library/Java/JavaVirtualMachines/jdk1.8.0_191.jdk/Contents/Home/jre/lib/libjavafx_font.dylib
0x00007fff53a99000 	/System/Library/Frameworks/ApplicationServices.framework/Versions/A/Frameworks/ATS.framework/Versions/A/Resources/libTrueTypeScaler.dylib

VM Arguments:
jvm_args: -javaagent:/Applications/IntelliJ IDEA.app/Contents/lib/idea_rt.jar=58898:/Applications/IntelliJ IDEA.app/Contents/bin -Dfile.encoding=UTF-8 
java_command: nastya.Main
java_class_path (initial): /Library/Java/JavaVirtualMachines/jdk1.8.0_191.jdk/Contents/Home/jre/lib/charsets.jar:/Library/Java/JavaVirtualMachines/jdk1.8.0_191.jdk/Contents/Home/jre/lib/deploy.jar:/Library/Java/JavaVirtualMachines/jdk1.8.0_191.jdk/Contents/Home/jre/lib/ext/cldrdata.jar:/Library/Java/JavaVirtualMachines/jdk1.8.0_191.jdk/Contents/Home/jre/lib/ext/dnsns.jar:/Library/Java/JavaVirtualMachines/jdk1.8.0_191.jdk/Contents/Home/jre/lib/ext/jaccess.jar:/Library/Java/JavaVirtualMachines/jdk1.8.0_191.jdk/Contents/Home/jre/lib/ext/jfxrt.jar:/Library/Java/JavaVirtualMachines/jdk1.8.0_191.jdk/Contents/Home/jre/lib/ext/localedata.jar:/Library/Java/JavaVirtualMachines/jdk1.8.0_191.jdk/Contents/Home/jre/lib/ext/nashorn.jar:/Library/Java/JavaVirtualMachines/jdk1.8.0_191.jdk/Contents/Home/jre/lib/ext/sunec.jar:/Library/Java/JavaVirtualMachines/jdk1.8.0_191.jdk/Contents/Home/jre/lib/ext/sunjce_provider.jar:/Library/Java/JavaVirtualMachines/jdk1.8.0_191.jdk/Contents/Home/jre/lib/ext/sunpkcs11.jar:/Library/Java/JavaVirtualMachines/jdk1.8.0_191.jdk/Contents/Home/jre/lib/ext/zipfs.jar:/Library/Java/JavaVirtualMachines/jdk1.8.0_191.jdk/Contents/Home/jre/lib/javaws.jar:/Library/Java/JavaVirtualMachines/jdk1.8.0_191.jdk/Contents/Home/jre/lib/jce.jar:/Library/Java/JavaVirtualMachines/jdk1.8.0_191.jdk/Contents/Home/jre/lib/jfr.jar:/Library/Java/JavaVirtualMachines/jdk1.8.0_191.jdk/Contents/Home/jre/lib/jfxswt.jar:/Library/Java/JavaVirtualMachines/jdk1.8.0_191.jdk/Contents/Home/jre/lib/jsse.jar:/Library/Java/JavaVirtualMachines/jdk1.8.0_191.jdk/Contents/Home/jre/lib/management-agent.jar:/Library/Java/JavaVirtualMachines/jdk1.8.0_191.jdk/Contents/Home/jre/lib/plugin.jar:/Library/Java/JavaVirtualMachines/jdk1.8.0_191.jdk/Contents/Home/jre/lib/resources.jar:/Library/Java/JavaVirtualMachines/jdk1.8.0_191.jdk/Contents/Home/jre/lib/rt.jar:/Library/Java/JavaVirtualMachines/jdk1.8.0_191.jdk/Contents/Home/lib/ant-javafx.jar:/Library/Java/JavaVirtualMachines/jdk1.8.0_191.jdk/Contents/Home
Launcher Type: SUN_STANDARD

Environment Variables:
JAVA_HOME=/Users/galymzhan/.sdkman/candidates/java/current
PATH=/Users/galymzhan/.sdkman/candidates/java/current/bin:/Library/Frameworks/Python.framework/Versions/3.7/bin:/anaconda2/bin:/Users/galymzhan/bin:/usr/local/bin:/usr/bin:/bin:/usr/sbin:/sbin:/Library/Frameworks/Mono.framework/Versions/Current/Commands::/Users/galymzhan/apache-maven-3.6.0/bin
SHELL=/bin/bash

Signal Handlers:
SIGSEGV: [libjvm.dylib+0x5b5de9], sa_mask[0]=11111111011111110111111111111111, sa_flags=SA_ONSTACK|SA_RESTART|SA_SIGINFO
SIGBUS: [libjvm.dylib+0x5b5de9], sa_mask[0]=11111111011111110111111111111111, sa_flags=SA_RESTART|SA_SIGINFO
SIGFPE: [libjvm.dylib+0x48b6b0], sa_mask[0]=11111111011111110111111111111111, sa_flags=SA_RESTART|SA_SIGINFO
SIGPIPE: [libjvm.dylib+0x48b6b0], sa_mask[0]=11111111011111110111111111111111, sa_flags=SA_RESTART|SA_SIGINFO
SIGXFSZ: [libjvm.dylib+0x48b6b0], sa_mask[0]=11111111011111110111111111111111, sa_flags=SA_RESTART|SA_SIGINFO
SIGILL: [libjvm.dylib+0x48b6b0], sa_mask[0]=11111111011111110111111111111111, sa_flags=SA_RESTART|SA_SIGINFO
SIGUSR1: SIG_DFL, sa_mask[0]=00000000000000000000000000000000, sa_flags=none
SIGUSR2: [libjvm.dylib+0x48b1ce], sa_mask[0]=00100000000000000000000000000000, sa_flags=SA_RESTART|SA_SIGINFO
SIGHUP: [libjvm.dylib+0x489759], sa_mask[0]=11111111011111110111111111111111, sa_flags=SA_RESTART|SA_SIGINFO
SIGINT: [libjvm.dylib+0x489759], sa_mask[0]=11111111011111110111111111111111, sa_flags=SA_RESTART|SA_SIGINFO
SIGTERM: [libjvm.dylib+0x489759], sa_mask[0]=11111111011111110111111111111111, sa_flags=SA_RESTART|SA_SIGINFO
SIGQUIT: [libjvm.dylib+0x489759], sa_mask[0]=11111111011111110111111111111111, sa_flags=SA_RESTART|SA_SIGINFO


---------------  S Y S T E M  ---------------

OS:Bsduname:Darwin 17.7.0 Darwin Kernel Version 17.7.0: Thu Jun 21 22:53:14 PDT 2018; root:xnu-4570.71.2~1/RELEASE_X86_64 x86_64
rlimit: STACK 8192k, CORE 0k, NPROC 1418, NOFILE 10240, AS infinity
load average:3.51 5.38 4.82

CPU:total 4 (initial active 4) (2 cores per cpu, 2 threads per core) family 6 model 142 stepping 9, cmov, cx8, fxsr, mmx, sse, sse2, sse3, ssse3, sse4.1, sse4.2, popcnt, avx, avx2, aes, clmul, erms, rtm, 3dnowpref, lzcnt, ht, tsc, tscinvbit, bmi1, bmi2, adx

Memory: 4k page, physical 16777216k(509992k free)

/proc/meminfo:


vm_info: Java HotSpot(TM) 64-Bit Server VM (25.191-b12) for bsd-amd64 JRE (1.8.0_191-b12), built on Oct  6 2018 08:37:07 by "java_re" with gcc 4.2.1 (Based on Apple Inc. build 5658) (LLVM build 2336.11.00)

time: Mon May 18 23:30:32 2020
elapsed time: 1 seconds (0d 0h 0m 1s)

